<?xml version="1.0" encoding="UTF-8"?>
<testsuite xmlns:xsi="http://www.w3.org/2001/XMLSchema-instance" xsi:noNamespaceSchemaLocation="https://maven.apache.org/surefire/maven-surefire-plugin/xsd/surefire-test-report-3.0.xsd" version="3.0" name="TestSuite" time="41.193" tests="3" errors="0" skipped="0" failures="0">
  <properties>
[...]
</properties>
  <testcase name="SearchBy_SeleniumTutorial_Display3rdVideo" classname="TCs.Case1" time="5.186">
    <system-out><![CDATA[-------------
:@BeforeMethod
@Start Factory Driver using specific path
Use chromedriver in project directory using 'System.setProperty'
-------------
:@Test Case1: SearchBy_SeleniumTutorial and Display 3rd Video
The video no 3 title is: Selenium Tutorial For Beginners | What Is Selenium? | Selenium Automation Testing Tutorial | Edureka
-------------
:Result: Case1 Pass successfully.
-------------
]]></system-out>
    <system-err><![CDATA[Starting ChromeDriver 100.0.4896.60 (6a5d10861ce8de5fce22564658033b43cb7de047-refs/branch-heads/4896@{#875}) on port 11998
Only local connections are allowed.
Please see https://chromedriver.chromium.org/security-considerations for suggestions on keeping ChromeDriver safe.
ChromeDriver was started successfully.
May 01, 2022 6:28:04 AM org.openqa.selenium.remote.ProtocolHandshake createSession
INFO: Detected dialect: W3C
]]></system-err>
  </testcase>
  <testcase name="SearchBy_TestAutomationTutorial" classname="TCs.Case2" time="5.943">
    <system-out><![CDATA[:@AfterMethod
-------------
:@BeforeMethod
@Start Factory Driver using specific path
Use chromedriver in project directory using 'System.setProperty'
-------------
:@Test Case2: SearchBy_Test Automation Tutorial
The video no 3 title is: Selenium Tutorial For Beginners | What Is Selenium? | Selenium Automation Testing Tutorial | Edureka
-------------
:Result: Case2 Pass successfully.
-------------
]]></system-out>
    <system-err><![CDATA[Starting ChromeDriver 100.0.4896.60 (6a5d10861ce8de5fce22564658033b43cb7de047-refs/branch-heads/4896@{#875}) on port 26747
Only local connections are allowed.
Please see https://chromedriver.chromium.org/security-considerations for suggestions on keeping ChromeDriver safe.
ChromeDriver was started successfully.
May 01, 2022 6:28:17 AM org.openqa.selenium.remote.ProtocolHandshake createSession
INFO: Detected dialect: W3C
]]></system-err>
  </testcase>
  <testcase name="SearchBy_SeleniumTutorial_Display10thVideo" classname="TCs.Case3" time="5.904">
    <system-out><![CDATA[:@AfterMethod
-------------
:@BeforeMethod
@Start Factory Driver using specific path
Use chromedriver in project directory using 'System.setProperty'
-------------
:@Test Case3: SearchBy_SeleniumTutorial and Display 10th Video
The video no 10 title is: Selenium Tutorial For Beginners | Selenium with Java Full Course (Latest Content)
-------------
:Result: Case3 Pass successfully.
-------------
]]></system-out>
    <system-err><![CDATA[Starting ChromeDriver 100.0.4896.60 (6a5d10861ce8de5fce22564658033b43cb7de047-refs/branch-heads/4896@{#875}) on port 42675
Only local connections are allowed.
Please see https://chromedriver.chromium.org/security-considerations for suggestions on keeping ChromeDriver safe.
ChromeDriver was started successfully.
May 01, 2022 6:28:29 AM org.openqa.selenium.remote.ProtocolHandshake createSession
INFO: Detected dialect: W3C
]]></system-err>
  </testcase>
</testsuite>