<?xml version="1.0" encoding="UTF-8"?>
<!-- Generated by org.testng.reporters.JUnitXMLReporter -->
<testsuite ignored="0" hostname="TokhiPC" failures="0" tests="3" name="Test" time="40.034" errors="0" timestamp="2022-05-01T06:28:42 EET">
  <testcase classname="TCs.Case1" name="SearchBy_SeleniumTutorial_Display3rdVideo" time="5.205"/>
  <testcase classname="TCs.Case2" name="SearchBy_TestAutomationTutorial" time="5.95"/>
  <testcase classname="TCs.Case3" name="SearchBy_SeleniumTutorial_Display10thVideo" time="5.91"/>
</testsuite> <!-- Test -->
